<html>
<head>
<title>TestNG:  Test</title>
<link href="../testng.css" rel="stylesheet" type="text/css" />
<link href="../my-testng.css" rel="stylesheet" type="text/css" />

<style type="text/css">
.log { display: none;} 
.stack-trace { display: none;} 
</style>
<script type="text/javascript">
<!--
function flip(e) {
  current = e.style.display;
  if (current == 'block') {
    e.style.display = 'none';
    return 0;
  }
  else {
    e.style.display = 'block';
    return 1;
  }
}

function toggleBox(szDivId, elem, msg1, msg2)
{
  var res = -1;  if (document.getElementById) {
    res = flip(document.getElementById(szDivId));
  }
  else if (document.all) {
    // this is the way old msie versions work
    res = flip(document.all[szDivId]);
  }
  if(elem) {
    if(res == 0) elem.innerHTML = msg1; else elem.innerHTML = msg2;
  }

}

function toggleAllBoxes() {
  if (document.getElementsByTagName) {
    d = document.getElementsByTagName('div');
    for (i = 0; i < d.length; i++) {
      if (d[i].className == 'log') {
        flip(d[i]);
      }
    }
  }
}

// -->
</script>

</head>
<body>
<h2 align='center'>Test</h2><table border='1' align="center">
<tr>
<td>Tests passed/Failed/Skipped:</td><td>7/1/0</td>
</tr><tr>
<td>Started on:</td><td>Mon Jul 03 11:27:17 CEST 2023</td>
</tr>
<tr><td>Total time:</td><td>137 seconds (137243 ms)</td>
</tr><tr>
<td>Included groups:</td><td></td>
</tr><tr>
<td>Excluded groups:</td><td></td>
</tr>
</table><p/>
<small><i>(Hover the method name to see the test class name)</i></small><p/>
<table width='100%' border='1' class='invocation-failed'>
<tr><td colspan='4' align='center'><b>FAILED TESTS</b></td></tr>
<tr><td><b>Test method</b></td>
<td width="30%"><b>Exception</b></td>
<td width="10%"><b>Time (seconds)</b></td>
<td><b>Instance</b></td>
</tr>
<tr>
<td title='com.RunnerTestFramework.Runner.runScenario()'><b>runScenario</b><br>Test class: com.RunnerTestFramework.Runner<br>Test method: Runs Cucumber Scenarios<br>Parameters: "Verify that user is successfully registred", "Optional[User registration]"</td>
<td><div><pre>java.lang.AssertionError: expected [true] but found [false]
	at com.openCart_TestFrameworkSteps.OPC001_registerUserSteps.verify_that_is_visible(OPC001_registerUserSteps.java:105)
	at ?.Verify that &quot;Your account has been created&quot; is visible(file:///C:/Users/moham/eclipse-workspace/openCart_TestFramework/src/test/resources/Features/opc001_resgisterUser.feature:17)
... Removed 4 stack frames</pre></div><a href='#' onClick='toggleBox("stack-trace1492291772", this, "Click to show all stack frames", "Click to hide stack frames")'>Click to show all stack frames</a>
<div class='stack-trace' id='stack-trace1492291772'><pre>java.lang.AssertionError: expected [true] but found [false]
	at org.testng.Assert.fail(Assert.java:97)
	at org.testng.Assert.failNotEquals(Assert.java:969)
	at org.testng.Assert.assertTrue(Assert.java:43)
	at org.testng.Assert.assertTrue(Assert.java:53)
	at com.openCart_TestFrameworkSteps.OPC001_registerUserSteps.verify_that_is_visible(OPC001_registerUserSteps.java:105)
	at ?.Verify that &quot;Your account has been created&quot; is visible(file:///C:/Users/moham/eclipse-workspace/openCart_TestFramework/src/test/resources/Features/opc001_resgisterUser.feature:17)
</pre></div></td>
<td>33</td>
<td>com.RunnerTestFramework.Runner@6c0d7c83</td></tr>
</table><p>
<table width='100%' border='1' class='invocation-passed'>
<tr><td colspan='4' align='center'><b>PASSED TESTS</b></td></tr>
<tr><td><b>Test method</b></td>
<td width="30%"><b>Exception</b></td>
<td width="10%"><b>Time (seconds)</b></td>
<td><b>Instance</b></td>
</tr>
<tr>
<td title='com.RunnerTestFramework.Runner.runScenario()'><b>runScenario</b><br>Test class: com.RunnerTestFramework.Runner<br>Test method: Runs Cucumber Scenarios<br>Parameters: "Verify that a warning message is generated when user try to register with an existing email", "Optional[User registration]"</td>
<td></td>
<td>16</td>
<td>com.RunnerTestFramework.Runner@6c0d7c83</td></tr>
<tr>
<td title='com.RunnerTestFramework.Runner.runScenario()'><b>runScenario</b><br>Test class: com.RunnerTestFramework.Runner<br>Test method: Runs Cucumber Scenarios<br>Parameters: "Verify registration with invalid email", "Optional[User registration]"</td>
<td></td>
<td>7</td>
<td>com.RunnerTestFramework.Runner@6c0d7c83</td></tr>
<tr>
<td title='com.RunnerTestFramework.Runner.runScenario()'><b>runScenario</b><br>Test class: com.RunnerTestFramework.Runner<br>Test method: Runs Cucumber Scenarios<br>Parameters: "Verify registration with incorrect confirm password", "Optional[User registration]"</td>
<td></td>
<td>10</td>
<td>com.RunnerTestFramework.Runner@6c0d7c83</td></tr>
<tr>
<td title='com.RunnerTestFramework.Runner.runScenario()'><b>runScenario</b><br>Test class: com.RunnerTestFramework.Runner<br>Test method: Runs Cucumber Scenarios<br>Parameters: "Verify registration without checking privacy policy checkboox", "Optional[User registration]"</td>
<td></td>
<td>17</td>
<td>com.RunnerTestFramework.Runner@6c0d7c83</td></tr>
<tr>
<td title='com.RunnerTestFramework.Runner.runScenario()'><b>runScenario</b><br>Test class: com.RunnerTestFramework.Runner<br>Test method: Runs Cucumber Scenarios<br>Parameters: "Login user with valid credential", "Optional[User login]"</td>
<td></td>
<td>11</td>
<td>com.RunnerTestFramework.Runner@6c0d7c83</td></tr>
<tr>
<td title='com.RunnerTestFramework.Runner.runScenario()'><b>runScenario</b><br>Test class: com.RunnerTestFramework.Runner<br>Test method: Runs Cucumber Scenarios<br>Parameters: "Login with invalid credentials", "Optional[User login]"</td>
<td></td>
<td>9</td>
<td>com.RunnerTestFramework.Runner@6c0d7c83</td></tr>
<tr>
<td title='com.RunnerTestFramework.Runner.runScenario()'><b>runScenario</b><br>Test class: com.RunnerTestFramework.Runner<br>Test method: Runs Cucumber Scenarios<br>Parameters: "Login when user forgot his password", "Optional[User login]"</td>
<td></td>
<td>29</td>
<td>com.RunnerTestFramework.Runner@6c0d7c83</td></tr>
</table><p>
</body>
</html>